Print initial account balances
task3.Account: 1234 	Name: Mike 	Balance:	1000.0
task3.Account: 2345 	Name: Adam 	Balance:	2000.0
task3.Account: 3456 	Name: Linda 	Balance:	3000.0
task3.Account: 4567 	Name: John 	Balance:	4000.0
task3.Account: 5678 	Name: Rami 	Balance:	5000.0
task3.Account: 6789 	Name: Lee 	Balance:	6000.0
task3.Account: 7890 	Name: Tom 	Balance:	7000.0
task3.Account: 8901 	Name: Lisa 	Balance:	8000.0
task3.Account: 9012 	Name: Sam 	Balance:	9000.0
task3.Account: 4321 	Name: Ted 	Balance:	10000.0
task3.Depositor and Withdrawal threads have been created
Print final account balances after all the child thread terminated...
task3.Account: 1234 	Name: Mike 	Balance:	1000.0
task3.Account: 2345 	Name: Adam 	Balance:	2000.0
task3.Account: 3456 	Name: Linda 	Balance:	3000.0
task3.Account: 4567 	Name: John 	Balance:	4000.0
task3.Account: 5678 	Name: Rami 	Balance:	5000.0
task3.Account: 6789 	Name: Lee 	Balance:	6000.0
task3.Account: 7890 	Name: Tom 	Balance:	7000.0
task3.Account: 8901 	Name: Lisa 	Balance:	8000.0
task3.Account: 9012 	Name: Sam 	Balance:	9000.0
task3.Account: 4321 	Name: Ted 	Balance:	10000.0
Elapsed time in milliseconds 806
Elapsed time in seconds is 0.806

